0    [AWT-EventQueue-0] INFO  ca.sqlpower.architect.ArchitectUtils  - Log4J configured successfully
1279 [AWT-EventQueue-0] INFO  ca.sqlpower.sql.PlDotIni  - Beginning to read/merge new pl.ini data
1435 [AWT-EventQueue-0] INFO  ca.sqlpower.sql.PlDotIni  - Finished reading file.
1435 [AWT-EventQueue-0] INFO  ca.sqlpower.sql.PlDotIni  - Beginning to read/merge new pl.ini data
1435 [AWT-EventQueue-0] INFO  ca.sqlpower.sql.PlDotIni  - Finished reading file.
2527 [AWT-EventQueue-0] INFO  ca.sqlpower.architect.swingui.PlayPenComponent  - TablePane: insumos (TABLE) is adding ca.sqlpower.architect.swingui.PlayPen[Play Pen,0,0,0x0,invalid,layout=java.awt.FlowLayout,alignmentX=0.0,alignmentY=0.0,border=,flags=9,maximumSize=,minimumSize=java.awt.Dimension[width=1,height=1],preferredSize=]
3229 [AWT-EventQueue-0] DEBUG ca.sqlpower.architect.swingui.TablePane  - Checking column codigo: INTEGER
3229 [AWT-EventQueue-0] DEBUG ca.sqlpower.architect.swingui.TablePane  - Checking column nombre: VARCHAR(60)
3229 [AWT-EventQueue-0] DEBUG ca.sqlpower.architect.swingui.TablePane  - Checking column descripcion: VARCHAR(120)
3229 [AWT-EventQueue-0] DEBUG ca.sqlpower.architect.swingui.TablePane  - Checking column cantidad: INTEGER
3229 [AWT-EventQueue-0] DEBUG ca.sqlpower.architect.swingui.TablePane  - Checking column precio_costo: NUMERIC(15, 2)
15646 [AWT-EventQueue-0] DEBUG ca.sqlpower.architect.swingui.TablePane  - Checking column codigo: INTEGER
15646 [AWT-EventQueue-0] DEBUG ca.sqlpower.architect.swingui.TablePane  - Checking column nombre: VARCHAR(60)
15646 [AWT-EventQueue-0] DEBUG ca.sqlpower.architect.swingui.TablePane  - Checking column descripcion: VARCHAR(120)
15646 [AWT-EventQueue-0] DEBUG ca.sqlpower.architect.swingui.TablePane  - Checking column cantidad: INTEGER
15646 [AWT-EventQueue-0] DEBUG ca.sqlpower.architect.swingui.TablePane  - Checking column precio_costo: NUMERIC(15, 2)
19359 [AWT-EventQueue-0] DEBUG ca.sqlpower.architect.swingui.TablePane  - Checking column codigo: INTEGER
19359 [AWT-EventQueue-0] DEBUG ca.sqlpower.architect.swingui.TablePane  - Checking column nombre: VARCHAR(60)
19359 [AWT-EventQueue-0] DEBUG ca.sqlpower.architect.swingui.TablePane  - Checking column descripcion: VARCHAR(120)
19359 [AWT-EventQueue-0] DEBUG ca.sqlpower.architect.swingui.TablePane  - Checking column cantidad: INTEGER
19359 [AWT-EventQueue-0] DEBUG ca.sqlpower.architect.swingui.TablePane  - Checking column precio_costo: NUMERIC(15, 2)
23103 [AWT-EventQueue-0] INFO  ca.sqlpower.architect.ddl.GenericDDLGenerator  - endStatement: 
CREATE SEQUENCE public.insumos_codigo_seq
23134 [AWT-EventQueue-0] INFO  ca.sqlpower.architect.ddl.GenericDDLGenerator  - endStatement: 

CREATE TABLE public.insumos (
                codigo INTEGER NOT NULL DEFAULT nextval('public.insumos_codigo_seq'),
                nombre VARCHAR(60) NOT NULL,
                descripcion VARCHAR(120) NOT NULL,
                cantidad INTEGER NOT NULL,
                precio_costo NUMERIC(15,2) NOT NULL,
                CONSTRAINT insumos_pk PRIMARY KEY (codigo)
)
23134 [AWT-EventQueue-0] INFO  ca.sqlpower.architect.ddl.GenericDDLGenerator  - endStatement: 


ALTER SEQUENCE public.insumos_codigo_seq OWNED BY public.insumos.codigo
23166 [AWT-EventQueue-0] INFO  ca.sqlpower.architect.swingui.SQLScriptDialog  - The list size is :3
23244 [AWT-EventQueue-0] DEBUG ca.sqlpower.architect.swingui.TablePane  - Checking column codigo: INTEGER
23244 [AWT-EventQueue-0] DEBUG ca.sqlpower.architect.swingui.TablePane  - Checking column nombre: VARCHAR(60)
23244 [AWT-EventQueue-0] DEBUG ca.sqlpower.architect.swingui.TablePane  - Checking column descripcion: VARCHAR(120)
23244 [AWT-EventQueue-0] DEBUG ca.sqlpower.architect.swingui.TablePane  - Checking column cantidad: INTEGER
23244 [AWT-EventQueue-0] DEBUG ca.sqlpower.architect.swingui.TablePane  - Checking column precio_costo: NUMERIC(15, 2)
25022 [Thread-7] INFO  ca.sqlpower.sql.JDBCDataSource  - Driver Class org.postgresql.Driver loaded without exception
25287 [AWT-EventQueue-0] DEBUG ca.sqlpower.architect.swingui.TablePane  - Checking column codigo: INTEGER
25287 [AWT-EventQueue-0] DEBUG ca.sqlpower.architect.swingui.TablePane  - Checking column nombre: VARCHAR(60)
25287 [AWT-EventQueue-0] DEBUG ca.sqlpower.architect.swingui.TablePane  - Checking column descripcion: VARCHAR(120)
25287 [AWT-EventQueue-0] DEBUG ca.sqlpower.architect.swingui.TablePane  - Checking column cantidad: INTEGER
25287 [AWT-EventQueue-0] DEBUG ca.sqlpower.architect.swingui.TablePane  - Checking column precio_costo: NUMERIC(15, 2)
25318 [Thread-9] INFO  ca.sqlpower.sql.JDBCDataSource  - Driver Class org.postgresql.Driver loaded without exception
29796 [AWT-EventQueue-0] DEBUG ca.sqlpower.architect.swingui.TablePane  - Checking column codigo: INTEGER
29796 [AWT-EventQueue-0] DEBUG ca.sqlpower.architect.swingui.TablePane  - Checking column nombre: VARCHAR(60)
29796 [AWT-EventQueue-0] DEBUG ca.sqlpower.architect.swingui.TablePane  - Checking column descripcion: VARCHAR(120)
29796 [AWT-EventQueue-0] DEBUG ca.sqlpower.architect.swingui.TablePane  - Checking column cantidad: INTEGER
29796 [AWT-EventQueue-0] DEBUG ca.sqlpower.architect.swingui.TablePane  - Checking column precio_costo: NUMERIC(15, 2)
35880 [Thread-10] INFO  ca.sqlpower.sql.JDBCDataSource  - Driver Class org.postgresql.Driver loaded without exception
35989 [AWT-EventQueue-0] DEBUG ca.sqlpower.architect.swingui.TablePane  - Checking column codigo: INTEGER
35989 [AWT-EventQueue-0] DEBUG ca.sqlpower.architect.swingui.TablePane  - Checking column nombre: VARCHAR(60)
35989 [AWT-EventQueue-0] DEBUG ca.sqlpower.architect.swingui.TablePane  - Checking column descripcion: VARCHAR(120)
35989 [AWT-EventQueue-0] DEBUG ca.sqlpower.architect.swingui.TablePane  - Checking column cantidad: INTEGER
35989 [AWT-EventQueue-0] DEBUG ca.sqlpower.architect.swingui.TablePane  - Checking column precio_costo: NUMERIC(15, 2)
36004 [Thread-12] INFO  ca.sqlpower.sql.JDBCDataSource  - Driver Class org.postgresql.Driver loaded without exception
39000 [AWT-EventQueue-0] DEBUG ca.sqlpower.architect.swingui.TablePane  - Checking column codigo: INTEGER
39000 [AWT-EventQueue-0] DEBUG ca.sqlpower.architect.swingui.TablePane  - Checking column nombre: VARCHAR(60)
39000 [AWT-EventQueue-0] DEBUG ca.sqlpower.architect.swingui.TablePane  - Checking column descripcion: VARCHAR(120)
39000 [AWT-EventQueue-0] DEBUG ca.sqlpower.architect.swingui.TablePane  - Checking column cantidad: INTEGER
39000 [AWT-EventQueue-0] DEBUG ca.sqlpower.architect.swingui.TablePane  - Checking column precio_costo: NUMERIC(15, 2)
39936 [AWT-EventQueue-0] DEBUG ca.sqlpower.architect.swingui.TablePane  - Checking column codigo: INTEGER
39936 [AWT-EventQueue-0] DEBUG ca.sqlpower.architect.swingui.TablePane  - Checking column nombre: VARCHAR(60)
39936 [AWT-EventQueue-0] DEBUG ca.sqlpower.architect.swingui.TablePane  - Checking column descripcion: VARCHAR(120)
39936 [AWT-EventQueue-0] DEBUG ca.sqlpower.architect.swingui.TablePane  - Checking column cantidad: INTEGER
39936 [AWT-EventQueue-0] DEBUG ca.sqlpower.architect.swingui.TablePane  - Checking column precio_costo: NUMERIC(15, 2)
40747 [AWT-EventQueue-0] DEBUG ca.sqlpower.architect.swingui.TablePane  - Checking column codigo: INTEGER
40747 [AWT-EventQueue-0] DEBUG ca.sqlpower.architect.swingui.TablePane  - Checking column nombre: VARCHAR(60)
40747 [AWT-EventQueue-0] DEBUG ca.sqlpower.architect.swingui.TablePane  - Checking column descripcion: VARCHAR(120)
40747 [AWT-EventQueue-0] DEBUG ca.sqlpower.architect.swingui.TablePane  - Checking column cantidad: INTEGER
40747 [AWT-EventQueue-0] DEBUG ca.sqlpower.architect.swingui.TablePane  - Checking column precio_costo: NUMERIC(15, 2)
40840 [AWT-EventQueue-0] DEBUG ca.sqlpower.architect.swingui.TablePane  - Checking column codigo: INTEGER
40856 [AWT-EventQueue-0] DEBUG ca.sqlpower.architect.swingui.TablePane  - Checking column nombre: VARCHAR(60)
40856 [AWT-EventQueue-0] DEBUG ca.sqlpower.architect.swingui.TablePane  - Checking column descripcion: VARCHAR(120)
40856 [AWT-EventQueue-0] DEBUG ca.sqlpower.architect.swingui.TablePane  - Checking column cantidad: INTEGER
40856 [AWT-EventQueue-0] DEBUG ca.sqlpower.architect.swingui.TablePane  - Checking column precio_costo: NUMERIC(15, 2)
41854 [AWT-EventQueue-0] DEBUG ca.sqlpower.architect.swingui.TablePane  - Checking column codigo: INTEGER
41854 [AWT-EventQueue-0] DEBUG ca.sqlpower.architect.swingui.TablePane  - Checking column nombre: VARCHAR(60)
41854 [AWT-EventQueue-0] DEBUG ca.sqlpower.architect.swingui.TablePane  - Checking column descripcion: VARCHAR(120)
41854 [AWT-EventQueue-0] DEBUG ca.sqlpower.architect.swingui.TablePane  - Checking column cantidad: INTEGER
41854 [AWT-EventQueue-0] DEBUG ca.sqlpower.architect.swingui.TablePane  - Checking column precio_costo: NUMERIC(15, 2)
41901 [AWT-EventQueue-0] DEBUG ca.sqlpower.architect.swingui.TablePane  - Checking column codigo: INTEGER
41901 [AWT-EventQueue-0] DEBUG ca.sqlpower.architect.swingui.TablePane  - Checking column nombre: VARCHAR(60)
41901 [AWT-EventQueue-0] DEBUG ca.sqlpower.architect.swingui.TablePane  - Checking column descripcion: VARCHAR(120)
41901 [AWT-EventQueue-0] DEBUG ca.sqlpower.architect.swingui.TablePane  - Checking column cantidad: INTEGER
41917 [AWT-EventQueue-0] DEBUG ca.sqlpower.architect.swingui.TablePane  - Checking column precio_costo: NUMERIC(15, 2)
43118 [AWT-EventQueue-0] DEBUG ca.sqlpower.architect.swingui.TablePane  - Checking column codigo: INTEGER
43118 [AWT-EventQueue-0] DEBUG ca.sqlpower.architect.swingui.TablePane  - Checking column nombre: VARCHAR(60)
43118 [AWT-EventQueue-0] DEBUG ca.sqlpower.architect.swingui.TablePane  - Checking column descripcion: VARCHAR(120)
43118 [AWT-EventQueue-0] DEBUG ca.sqlpower.architect.swingui.TablePane  - Checking column cantidad: INTEGER
43118 [AWT-EventQueue-0] DEBUG ca.sqlpower.architect.swingui.TablePane  - Checking column precio_costo: NUMERIC(15, 2)
43134 [AWT-EventQueue-0] DEBUG ca.sqlpower.architect.swingui.TablePane  - Checking column codigo: INTEGER
43134 [AWT-EventQueue-0] DEBUG ca.sqlpower.architect.swingui.TablePane  - Checking column nombre: VARCHAR(60)
43134 [AWT-EventQueue-0] DEBUG ca.sqlpower.architect.swingui.TablePane  - Checking column descripcion: VARCHAR(120)
43134 [AWT-EventQueue-0] DEBUG ca.sqlpower.architect.swingui.TablePane  - Checking column cantidad: INTEGER
43134 [AWT-EventQueue-0] DEBUG ca.sqlpower.architect.swingui.TablePane  - Checking column precio_costo: NUMERIC(15, 2)
43227 [AWT-EventQueue-0] DEBUG ca.sqlpower.architect.swingui.TablePane  - Checking column codigo: INTEGER
43243 [AWT-EventQueue-0] DEBUG ca.sqlpower.architect.swingui.TablePane  - Checking column nombre: VARCHAR(60)
43243 [AWT-EventQueue-0] DEBUG ca.sqlpower.architect.swingui.TablePane  - Checking column descripcion: VARCHAR(120)
43243 [AWT-EventQueue-0] DEBUG ca.sqlpower.architect.swingui.TablePane  - Checking column cantidad: INTEGER
43243 [AWT-EventQueue-0] DEBUG ca.sqlpower.architect.swingui.TablePane  - Checking column precio_costo: NUMERIC(15, 2)
44865 [AWT-EventQueue-0] DEBUG ca.sqlpower.architect.swingui.TablePane  - Checking column codigo: INTEGER
44865 [AWT-EventQueue-0] DEBUG ca.sqlpower.architect.swingui.TablePane  - Checking column nombre: VARCHAR(60)
44865 [AWT-EventQueue-0] DEBUG ca.sqlpower.architect.swingui.TablePane  - Checking column descripcion: VARCHAR(120)
44865 [AWT-EventQueue-0] DEBUG ca.sqlpower.architect.swingui.TablePane  - Checking column cantidad: INTEGER
44865 [AWT-EventQueue-0] DEBUG ca.sqlpower.architect.swingui.TablePane  - Checking column precio_costo: NUMERIC(15, 2)
52213 [AWT-EventQueue-0] INFO  ca.sqlpower.architect.ddl.GenericDDLGenerator  - endStatement: 
CREATE SEQUENCE public.insumos_codigo_seq
52213 [AWT-EventQueue-0] INFO  ca.sqlpower.architect.ddl.GenericDDLGenerator  - endStatement: 

CREATE TABLE public.insumos (
                codigo INTEGER NOT NULL DEFAULT nextval('public.insumos_codigo_seq'),
                nombre VARCHAR(60) NOT NULL,
                descripcion VARCHAR(120) NOT NULL,
                cantidad INTEGER NOT NULL,
                precio_costo NUMERIC(15,2) NOT NULL,
                CONSTRAINT insumos_pk PRIMARY KEY (codigo)
)
52213 [AWT-EventQueue-0] INFO  ca.sqlpower.architect.ddl.GenericDDLGenerator  - endStatement: 


ALTER SEQUENCE public.insumos_codigo_seq OWNED BY public.insumos.codigo
52213 [AWT-EventQueue-0] INFO  ca.sqlpower.architect.swingui.SQLScriptDialog  - The list size is :3
52275 [AWT-EventQueue-0] DEBUG ca.sqlpower.architect.swingui.TablePane  - Checking column codigo: INTEGER
52275 [AWT-EventQueue-0] DEBUG ca.sqlpower.architect.swingui.TablePane  - Checking column nombre: VARCHAR(60)
52275 [AWT-EventQueue-0] DEBUG ca.sqlpower.architect.swingui.TablePane  - Checking column descripcion: VARCHAR(120)
52275 [AWT-EventQueue-0] DEBUG ca.sqlpower.architect.swingui.TablePane  - Checking column cantidad: INTEGER
52275 [AWT-EventQueue-0] DEBUG ca.sqlpower.architect.swingui.TablePane  - Checking column precio_costo: NUMERIC(15, 2)
53648 [Thread-13] INFO  ca.sqlpower.sql.JDBCDataSource  - Driver Class org.postgresql.Driver loaded without exception
53742 [AWT-EventQueue-0] DEBUG ca.sqlpower.architect.swingui.TablePane  - Checking column codigo: INTEGER
53742 [AWT-EventQueue-0] DEBUG ca.sqlpower.architect.swingui.TablePane  - Checking column nombre: VARCHAR(60)
53742 [AWT-EventQueue-0] DEBUG ca.sqlpower.architect.swingui.TablePane  - Checking column descripcion: VARCHAR(120)
53742 [AWT-EventQueue-0] DEBUG ca.sqlpower.architect.swingui.TablePane  - Checking column cantidad: INTEGER
53742 [AWT-EventQueue-0] DEBUG ca.sqlpower.architect.swingui.TablePane  - Checking column precio_costo: NUMERIC(15, 2)
53757 [Thread-15] INFO  ca.sqlpower.sql.JDBCDataSource  - Driver Class org.postgresql.Driver loaded without exception
63741 [AWT-EventQueue-0] DEBUG ca.sqlpower.architect.swingui.TablePane  - Checking column codigo: INTEGER
63741 [AWT-EventQueue-0] DEBUG ca.sqlpower.architect.swingui.TablePane  - Checking column nombre: VARCHAR(60)
63741 [AWT-EventQueue-0] DEBUG ca.sqlpower.architect.swingui.TablePane  - Checking column descripcion: VARCHAR(120)
63741 [AWT-EventQueue-0] DEBUG ca.sqlpower.architect.swingui.TablePane  - Checking column cantidad: INTEGER
63741 [AWT-EventQueue-0] DEBUG ca.sqlpower.architect.swingui.TablePane  - Checking column precio_costo: NUMERIC(15, 2)
65629 [AWT-EventQueue-0] DEBUG ca.sqlpower.architect.swingui.TablePane  - Checking column codigo: INTEGER
65629 [AWT-EventQueue-0] DEBUG ca.sqlpower.architect.swingui.TablePane  - Checking column nombre: VARCHAR(60)
65629 [AWT-EventQueue-0] DEBUG ca.sqlpower.architect.swingui.TablePane  - Checking column descripcion: VARCHAR(120)
65629 [AWT-EventQueue-0] DEBUG ca.sqlpower.architect.swingui.TablePane  - Checking column cantidad: INTEGER
65629 [AWT-EventQueue-0] DEBUG ca.sqlpower.architect.swingui.TablePane  - Checking column precio_costo: NUMERIC(15, 2)
66456 [AWT-EventQueue-0] DEBUG ca.sqlpower.architect.swingui.TablePane  - Checking column codigo: INTEGER
66456 [AWT-EventQueue-0] DEBUG ca.sqlpower.architect.swingui.TablePane  - Checking column nombre: VARCHAR(60)
66456 [AWT-EventQueue-0] DEBUG ca.sqlpower.architect.swingui.TablePane  - Checking column descripcion: VARCHAR(120)
66456 [AWT-EventQueue-0] DEBUG ca.sqlpower.architect.swingui.TablePane  - Checking column cantidad: INTEGER
66456 [AWT-EventQueue-0] DEBUG ca.sqlpower.architect.swingui.TablePane  - Checking column precio_costo: NUMERIC(15, 2)
66596 [AWT-EventQueue-0] DEBUG ca.sqlpower.architect.swingui.TablePane  - Checking column codigo: INTEGER
66596 [AWT-EventQueue-0] DEBUG ca.sqlpower.architect.swingui.TablePane  - Checking column nombre: VARCHAR(60)
66596 [AWT-EventQueue-0] DEBUG ca.sqlpower.architect.swingui.TablePane  - Checking column descripcion: VARCHAR(120)
66596 [AWT-EventQueue-0] DEBUG ca.sqlpower.architect.swingui.TablePane  - Checking column cantidad: INTEGER
66596 [AWT-EventQueue-0] DEBUG ca.sqlpower.architect.swingui.TablePane  - Checking column precio_costo: NUMERIC(15, 2)
67875 [AWT-EventQueue-0] DEBUG ca.sqlpower.architect.swingui.TablePane  - Checking column codigo: INTEGER
67875 [AWT-EventQueue-0] DEBUG ca.sqlpower.architect.swingui.TablePane  - Checking column nombre: VARCHAR(60)
67875 [AWT-EventQueue-0] DEBUG ca.sqlpower.architect.swingui.TablePane  - Checking column descripcion: VARCHAR(120)
67875 [AWT-EventQueue-0] DEBUG ca.sqlpower.architect.swingui.TablePane  - Checking column cantidad: INTEGER
67875 [AWT-EventQueue-0] DEBUG ca.sqlpower.architect.swingui.TablePane  - Checking column precio_costo: NUMERIC(15, 2)
70387 [AWT-EventQueue-0] DEBUG ca.sqlpower.architect.swingui.TablePane  - Checking column codigo: INTEGER
70403 [AWT-EventQueue-0] DEBUG ca.sqlpower.architect.swingui.TablePane  - Checking column nombre: VARCHAR(60)
70403 [AWT-EventQueue-0] DEBUG ca.sqlpower.architect.swingui.TablePane  - Checking column descripcion: VARCHAR(120)
70403 [AWT-EventQueue-0] DEBUG ca.sqlpower.architect.swingui.TablePane  - Checking column cantidad: INTEGER
70403 [AWT-EventQueue-0] DEBUG ca.sqlpower.architect.swingui.TablePane  - Checking column precio_costo: NUMERIC(15, 2)
70418 [AWT-EventQueue-0] DEBUG ca.sqlpower.architect.swingui.TablePane  - Checking column codigo: INTEGER
70418 [AWT-EventQueue-0] DEBUG ca.sqlpower.architect.swingui.TablePane  - Checking column nombre: VARCHAR(60)
70418 [AWT-EventQueue-0] DEBUG ca.sqlpower.architect.swingui.TablePane  - Checking column descripcion: VARCHAR(120)
70418 [AWT-EventQueue-0] DEBUG ca.sqlpower.architect.swingui.TablePane  - Checking column cantidad: INTEGER
70418 [AWT-EventQueue-0] DEBUG ca.sqlpower.architect.swingui.TablePane  - Checking column precio_costo: NUMERIC(15, 2)
72181 [AWT-EventQueue-0] DEBUG ca.sqlpower.architect.swingui.TablePane  - Checking column codigo: INTEGER
72181 [AWT-EventQueue-0] DEBUG ca.sqlpower.architect.swingui.TablePane  - Checking column nombre: VARCHAR(60)
72181 [AWT-EventQueue-0] DEBUG ca.sqlpower.architect.swingui.TablePane  - Checking column descripcion: VARCHAR(120)
72181 [AWT-EventQueue-0] DEBUG ca.sqlpower.architect.swingui.TablePane  - Checking column cantidad: INTEGER
72181 [AWT-EventQueue-0] DEBUG ca.sqlpower.architect.swingui.TablePane  - Checking column precio_costo: NUMERIC(15, 2)
72290 [AWT-EventQueue-0] DEBUG ca.sqlpower.architect.swingui.TablePane  - Checking column codigo: INTEGER
72290 [AWT-EventQueue-0] DEBUG ca.sqlpower.architect.swingui.TablePane  - Checking column nombre: VARCHAR(60)
72290 [AWT-EventQueue-0] DEBUG ca.sqlpower.architect.swingui.TablePane  - Checking column descripcion: VARCHAR(120)
72290 [AWT-EventQueue-0] DEBUG ca.sqlpower.architect.swingui.TablePane  - Checking column cantidad: INTEGER
72290 [AWT-EventQueue-0] DEBUG ca.sqlpower.architect.swingui.TablePane  - Checking column precio_costo: NUMERIC(15, 2)
73398 [AWT-EventQueue-0] DEBUG ca.sqlpower.architect.swingui.TablePane  - Checking column codigo: INTEGER
73398 [AWT-EventQueue-0] DEBUG ca.sqlpower.architect.swingui.TablePane  - Checking column nombre: VARCHAR(60)
73398 [AWT-EventQueue-0] DEBUG ca.sqlpower.architect.swingui.TablePane  - Checking column descripcion: VARCHAR(120)
73398 [AWT-EventQueue-0] DEBUG ca.sqlpower.architect.swingui.TablePane  - Checking column cantidad: INTEGER
73398 [AWT-EventQueue-0] DEBUG ca.sqlpower.architect.swingui.TablePane  - Checking column precio_costo: NUMERIC(15, 2)
73803 [AWT-EventQueue-0] DEBUG ca.sqlpower.architect.swingui.TablePane  - Checking column codigo: INTEGER
73803 [AWT-EventQueue-0] DEBUG ca.sqlpower.architect.swingui.TablePane  - Checking column nombre: VARCHAR(60)
73803 [AWT-EventQueue-0] DEBUG ca.sqlpower.architect.swingui.TablePane  - Checking column descripcion: VARCHAR(120)
73803 [AWT-EventQueue-0] DEBUG ca.sqlpower.architect.swingui.TablePane  - Checking column cantidad: INTEGER
73803 [AWT-EventQueue-0] DEBUG ca.sqlpower.architect.swingui.TablePane  - Checking column precio_costo: NUMERIC(15, 2)
74693 [AWT-EventQueue-0] DEBUG ca.sqlpower.architect.swingui.TablePane  - Checking column codigo: INTEGER
74708 [AWT-EventQueue-0] DEBUG ca.sqlpower.architect.swingui.TablePane  - Checking column nombre: VARCHAR(60)
74708 [AWT-EventQueue-0] DEBUG ca.sqlpower.architect.swingui.TablePane  - Checking column descripcion: VARCHAR(120)
74708 [AWT-EventQueue-0] DEBUG ca.sqlpower.architect.swingui.TablePane  - Checking column cantidad: INTEGER
74708 [AWT-EventQueue-0] DEBUG ca.sqlpower.architect.swingui.TablePane  - Checking column precio_costo: NUMERIC(15, 2)
75083 [AWT-EventQueue-0] DEBUG ca.sqlpower.architect.swingui.TablePane  - Checking column codigo: INTEGER
75083 [AWT-EventQueue-0] DEBUG ca.sqlpower.architect.swingui.TablePane  - Checking column nombre: VARCHAR(60)
75083 [AWT-EventQueue-0] DEBUG ca.sqlpower.architect.swingui.TablePane  - Checking column descripcion: VARCHAR(120)
75083 [AWT-EventQueue-0] DEBUG ca.sqlpower.architect.swingui.TablePane  - Checking column cantidad: INTEGER
75083 [AWT-EventQueue-0] DEBUG ca.sqlpower.architect.swingui.TablePane  - Checking column precio_costo: NUMERIC(15, 2)
75410 [AWT-EventQueue-0] DEBUG ca.sqlpower.architect.swingui.TablePane  - Checking column codigo: INTEGER
75410 [AWT-EventQueue-0] DEBUG ca.sqlpower.architect.swingui.TablePane  - Checking column nombre: VARCHAR(60)
75410 [AWT-EventQueue-0] DEBUG ca.sqlpower.architect.swingui.TablePane  - Checking column descripcion: VARCHAR(120)
75410 [AWT-EventQueue-0] DEBUG ca.sqlpower.architect.swingui.TablePane  - Checking column cantidad: INTEGER
75410 [AWT-EventQueue-0] DEBUG ca.sqlpower.architect.swingui.TablePane  - Checking column precio_costo: NUMERIC(15, 2)
76128 [AWT-EventQueue-0] DEBUG ca.sqlpower.architect.swingui.TablePane  - Checking column codigo: INTEGER
76128 [AWT-EventQueue-0] DEBUG ca.sqlpower.architect.swingui.TablePane  - Checking column nombre: VARCHAR(60)
76128 [AWT-EventQueue-0] DEBUG ca.sqlpower.architect.swingui.TablePane  - Checking column descripcion: VARCHAR(120)
76128 [AWT-EventQueue-0] DEBUG ca.sqlpower.architect.swingui.TablePane  - Checking column cantidad: INTEGER
76128 [AWT-EventQueue-0] DEBUG ca.sqlpower.architect.swingui.TablePane  - Checking column precio_costo: NUMERIC(15, 2)
77033 [AWT-EventQueue-0] DEBUG ca.sqlpower.architect.swingui.TablePane  - Checking column codigo: INTEGER
77033 [AWT-EventQueue-0] DEBUG ca.sqlpower.architect.swingui.TablePane  - Checking column nombre: VARCHAR(60)
77033 [AWT-EventQueue-0] DEBUG ca.sqlpower.architect.swingui.TablePane  - Checking column descripcion: VARCHAR(120)
77048 [AWT-EventQueue-0] DEBUG ca.sqlpower.architect.swingui.TablePane  - Checking column cantidad: INTEGER
77048 [AWT-EventQueue-0] DEBUG ca.sqlpower.architect.swingui.TablePane  - Checking column precio_costo: NUMERIC(15, 2)
78702 [AWT-EventQueue-0] DEBUG ca.sqlpower.architect.swingui.TablePane  - Checking column codigo: INTEGER
78702 [AWT-EventQueue-0] DEBUG ca.sqlpower.architect.swingui.TablePane  - Checking column nombre: VARCHAR(60)
78702 [AWT-EventQueue-0] DEBUG ca.sqlpower.architect.swingui.TablePane  - Checking column descripcion: VARCHAR(120)
78702 [AWT-EventQueue-0] DEBUG ca.sqlpower.architect.swingui.TablePane  - Checking column cantidad: INTEGER
78702 [AWT-EventQueue-0] DEBUG ca.sqlpower.architect.swingui.TablePane  - Checking column precio_costo: NUMERIC(15, 2)
83304 [AWT-EventQueue-0] DEBUG ca.sqlpower.architect.swingui.TablePane  - Checking column codigo: INTEGER
83304 [AWT-EventQueue-0] DEBUG ca.sqlpower.architect.swingui.TablePane  - Checking column nombre: VARCHAR(60)
83304 [AWT-EventQueue-0] DEBUG ca.sqlpower.architect.swingui.TablePane  - Checking column descripcion: VARCHAR(120)
83304 [AWT-EventQueue-0] DEBUG ca.sqlpower.architect.swingui.TablePane  - Checking column cantidad: INTEGER
83304 [AWT-EventQueue-0] DEBUG ca.sqlpower.architect.swingui.TablePane  - Checking column precio_costo: NUMERIC(15, 2)
90137 [AWT-EventQueue-0] DEBUG ca.sqlpower.architect.swingui.TablePane  - Checking column codigo: INTEGER
90137 [AWT-EventQueue-0] DEBUG ca.sqlpower.architect.swingui.TablePane  - Checking column nombre: VARCHAR(60)
90137 [AWT-EventQueue-0] DEBUG ca.sqlpower.architect.swingui.TablePane  - Checking column descripcion: VARCHAR(120)
90137 [AWT-EventQueue-0] DEBUG ca.sqlpower.architect.swingui.TablePane  - Checking column cantidad: INTEGER
90137 [AWT-EventQueue-0] DEBUG ca.sqlpower.architect.swingui.TablePane  - Checking column precio_costo: NUMERIC(15, 2)
96439 [AWT-EventQueue-0] DEBUG ca.sqlpower.architect.swingui.TablePane  - Checking column codigo: INTEGER
96439 [AWT-EventQueue-0] DEBUG ca.sqlpower.architect.swingui.TablePane  - Checking column nombre: VARCHAR(60)
96439 [AWT-EventQueue-0] DEBUG ca.sqlpower.architect.swingui.TablePane  - Checking column descripcion: VARCHAR(120)
96455 [AWT-EventQueue-0] DEBUG ca.sqlpower.architect.swingui.TablePane  - Checking column cantidad: INTEGER
96455 [AWT-EventQueue-0] DEBUG ca.sqlpower.architect.swingui.TablePane  - Checking column precio_costo: NUMERIC(15, 2)
103740 [AWT-EventQueue-0] DEBUG ca.sqlpower.architect.swingui.TablePane  - Checking column codigo: INTEGER
103740 [AWT-EventQueue-0] DEBUG ca.sqlpower.architect.swingui.TablePane  - Checking column nombre: VARCHAR(60)
103740 [AWT-EventQueue-0] DEBUG ca.sqlpower.architect.swingui.TablePane  - Checking column descripcion: VARCHAR(120)
103740 [AWT-EventQueue-0] DEBUG ca.sqlpower.architect.swingui.TablePane  - Checking column cantidad: INTEGER
103740 [AWT-EventQueue-0] DEBUG ca.sqlpower.architect.swingui.TablePane  - Checking column precio_costo: NUMERIC(15, 2)
105206 [AWT-EventQueue-0] DEBUG ca.sqlpower.architect.swingui.TablePane  - Checking column codigo: INTEGER
105206 [AWT-EventQueue-0] DEBUG ca.sqlpower.architect.swingui.TablePane  - Checking column nombre: VARCHAR(60)
105206 [AWT-EventQueue-0] DEBUG ca.sqlpower.architect.swingui.TablePane  - Checking column descripcion: VARCHAR(120)
105206 [AWT-EventQueue-0] DEBUG ca.sqlpower.architect.swingui.TablePane  - Checking column cantidad: INTEGER
105206 [AWT-EventQueue-0] DEBUG ca.sqlpower.architect.swingui.TablePane  - Checking column precio_costo: NUMERIC(15, 2)
106782 [AWT-EventQueue-0] DEBUG ca.sqlpower.architect.swingui.TablePane  - Checking column codigo: INTEGER
106782 [AWT-EventQueue-0] DEBUG ca.sqlpower.architect.swingui.TablePane  - Checking column nombre: VARCHAR(60)
106782 [AWT-EventQueue-0] DEBUG ca.sqlpower.architect.swingui.TablePane  - Checking column descripcion: VARCHAR(120)
106782 [AWT-EventQueue-0] DEBUG ca.sqlpower.architect.swingui.TablePane  - Checking column cantidad: INTEGER
106782 [AWT-EventQueue-0] DEBUG ca.sqlpower.architect.swingui.TablePane  - Checking column precio_costo: NUMERIC(15, 2)
108638 [AWT-EventQueue-0] ERROR ca.sqlpower.architect.swingui.KettleDataSourceOptionsPanel  -  The map is: {Hostname=, Port=5432, Database=}
108732 [AWT-EventQueue-0] DEBUG ca.sqlpower.architect.swingui.TablePane  - Checking column codigo: INTEGER
108732 [AWT-EventQueue-0] DEBUG ca.sqlpower.architect.swingui.TablePane  - Checking column nombre: VARCHAR(60)
108732 [AWT-EventQueue-0] DEBUG ca.sqlpower.architect.swingui.TablePane  - Checking column descripcion: VARCHAR(120)
108732 [AWT-EventQueue-0] DEBUG ca.sqlpower.architect.swingui.TablePane  - Checking column cantidad: INTEGER
108732 [AWT-EventQueue-0] DEBUG ca.sqlpower.architect.swingui.TablePane  - Checking column precio_costo: NUMERIC(15, 2)
116501 [AWT-EventQueue-0] INFO  ca.sqlpower.sql.JDBCDataSource  - Driver Class org.postgresql.Driver loaded without exception
116625 [AWT-EventQueue-0] DEBUG ca.sqlpower.architect.swingui.TablePane  - Checking column codigo: INTEGER
116641 [AWT-EventQueue-0] DEBUG ca.sqlpower.architect.swingui.TablePane  - Checking column nombre: VARCHAR(60)
116641 [AWT-EventQueue-0] DEBUG ca.sqlpower.architect.swingui.TablePane  - Checking column descripcion: VARCHAR(120)
116641 [AWT-EventQueue-0] DEBUG ca.sqlpower.architect.swingui.TablePane  - Checking column cantidad: INTEGER
116641 [AWT-EventQueue-0] DEBUG ca.sqlpower.architect.swingui.TablePane  - Checking column precio_costo: NUMERIC(15, 2)
126313 [AWT-EventQueue-0] DEBUG ca.sqlpower.architect.swingui.TablePane  - Checking column codigo: INTEGER
126313 [AWT-EventQueue-0] DEBUG ca.sqlpower.architect.swingui.TablePane  - Checking column nombre: VARCHAR(60)
126313 [AWT-EventQueue-0] DEBUG ca.sqlpower.architect.swingui.TablePane  - Checking column descripcion: VARCHAR(120)
126313 [AWT-EventQueue-0] DEBUG ca.sqlpower.architect.swingui.TablePane  - Checking column cantidad: INTEGER
126313 [AWT-EventQueue-0] DEBUG ca.sqlpower.architect.swingui.TablePane  - Checking column precio_costo: NUMERIC(15, 2)
142303 [AWT-EventQueue-0] DEBUG ca.sqlpower.architect.swingui.TablePane  - Checking column codigo: INTEGER
142303 [AWT-EventQueue-0] DEBUG ca.sqlpower.architect.swingui.TablePane  - Checking column nombre: VARCHAR(60)
142303 [AWT-EventQueue-0] DEBUG ca.sqlpower.architect.swingui.TablePane  - Checking column descripcion: VARCHAR(120)
142303 [AWT-EventQueue-0] DEBUG ca.sqlpower.architect.swingui.TablePane  - Checking column cantidad: INTEGER
142303 [AWT-EventQueue-0] DEBUG ca.sqlpower.architect.swingui.TablePane  - Checking column precio_costo: NUMERIC(15, 2)
143925 [AWT-EventQueue-0] INFO  ca.sqlpower.architect.ddl.GenericDDLGenerator  - endStatement: 
CREATE SEQUENCE insumos_codigo_seq
143925 [AWT-EventQueue-0] INFO  ca.sqlpower.architect.ddl.GenericDDLGenerator  - endStatement: 

CREATE TABLE insumos (
                codigo INTEGER NOT NULL DEFAULT nextval('insumos_codigo_seq'),
                nombre VARCHAR(60) NOT NULL,
                descripcion VARCHAR(120) NOT NULL,
                cantidad INTEGER NOT NULL,
                precio_costo NUMERIC(15,2) NOT NULL,
                CONSTRAINT insumos_pk PRIMARY KEY (codigo)
)
143925 [AWT-EventQueue-0] INFO  ca.sqlpower.architect.ddl.GenericDDLGenerator  - endStatement: 


ALTER SEQUENCE insumos_codigo_seq OWNED BY insumos.codigo
143925 [AWT-EventQueue-0] INFO  ca.sqlpower.architect.swingui.SQLScriptDialog  - The list size is :3
143988 [AWT-EventQueue-0] DEBUG ca.sqlpower.architect.swingui.TablePane  - Checking column codigo: INTEGER
143988 [AWT-EventQueue-0] DEBUG ca.sqlpower.architect.swingui.TablePane  - Checking column nombre: VARCHAR(60)
143988 [AWT-EventQueue-0] DEBUG ca.sqlpower.architect.swingui.TablePane  - Checking column descripcion: VARCHAR(120)
143988 [AWT-EventQueue-0] DEBUG ca.sqlpower.architect.swingui.TablePane  - Checking column cantidad: INTEGER
143988 [AWT-EventQueue-0] DEBUG ca.sqlpower.architect.swingui.TablePane  - Checking column precio_costo: NUMERIC(15, 2)
145298 [Thread-16] INFO  ca.sqlpower.sql.JDBCDataSource  - Driver Class org.postgresql.Driver loaded without exception
145407 [AWT-EventQueue-0] DEBUG ca.sqlpower.architect.swingui.TablePane  - Checking column codigo: INTEGER
145407 [AWT-EventQueue-0] DEBUG ca.sqlpower.architect.swingui.TablePane  - Checking column nombre: VARCHAR(60)
145407 [AWT-EventQueue-0] DEBUG ca.sqlpower.architect.swingui.TablePane  - Checking column descripcion: VARCHAR(120)
145407 [AWT-EventQueue-0] DEBUG ca.sqlpower.architect.swingui.TablePane  - Checking column cantidad: INTEGER
145407 [AWT-EventQueue-0] DEBUG ca.sqlpower.architect.swingui.TablePane  - Checking column precio_costo: NUMERIC(15, 2)
145407 [Thread-18] INFO  ca.sqlpower.sql.JDBCDataSource  - Driver Class org.postgresql.Driver loaded without exception
148387 [AWT-EventQueue-0] DEBUG ca.sqlpower.architect.swingui.TablePane  - Checking column codigo: INTEGER
148387 [AWT-EventQueue-0] DEBUG ca.sqlpower.architect.swingui.TablePane  - Checking column nombre: VARCHAR(60)
148387 [AWT-EventQueue-0] DEBUG ca.sqlpower.architect.swingui.TablePane  - Checking column descripcion: VARCHAR(120)
148387 [AWT-EventQueue-0] DEBUG ca.sqlpower.architect.swingui.TablePane  - Checking column cantidad: INTEGER
148387 [AWT-EventQueue-0] DEBUG ca.sqlpower.architect.swingui.TablePane  - Checking column precio_costo: NUMERIC(15, 2)
149541 [AWT-EventQueue-0] DEBUG ca.sqlpower.architect.swingui.TablePane  - Checking column codigo: INTEGER
149541 [AWT-EventQueue-0] DEBUG ca.sqlpower.architect.swingui.TablePane  - Checking column nombre: VARCHAR(60)
149541 [AWT-EventQueue-0] DEBUG ca.sqlpower.architect.swingui.TablePane  - Checking column descripcion: VARCHAR(120)
149541 [AWT-EventQueue-0] DEBUG ca.sqlpower.architect.swingui.TablePane  - Checking column cantidad: INTEGER
149541 [AWT-EventQueue-0] DEBUG ca.sqlpower.architect.swingui.TablePane  - Checking column precio_costo: NUMERIC(15, 2)
150477 [AWT-EventQueue-0] DEBUG ca.sqlpower.architect.swingui.TablePane  - Checking column codigo: INTEGER
150477 [AWT-EventQueue-0] DEBUG ca.sqlpower.architect.swingui.TablePane  - Checking column nombre: VARCHAR(60)
150477 [AWT-EventQueue-0] DEBUG ca.sqlpower.architect.swingui.TablePane  - Checking column descripcion: VARCHAR(120)
150477 [AWT-EventQueue-0] DEBUG ca.sqlpower.architect.swingui.TablePane  - Checking column cantidad: INTEGER
150477 [AWT-EventQueue-0] DEBUG ca.sqlpower.architect.swingui.TablePane  - Checking column precio_costo: NUMERIC(15, 2)
150555 [AWT-EventQueue-0] DEBUG ca.sqlpower.architect.swingui.TablePane  - Checking column codigo: INTEGER
150555 [AWT-EventQueue-0] DEBUG ca.sqlpower.architect.swingui.TablePane  - Checking column nombre: VARCHAR(60)
150555 [AWT-EventQueue-0] DEBUG ca.sqlpower.architect.swingui.TablePane  - Checking column descripcion: VARCHAR(120)
150555 [AWT-EventQueue-0] DEBUG ca.sqlpower.architect.swingui.TablePane  - Checking column cantidad: INTEGER
150555 [AWT-EventQueue-0] DEBUG ca.sqlpower.architect.swingui.TablePane  - Checking column precio_costo: NUMERIC(15, 2)
159900 [AWT-EventQueue-0] DEBUG ca.sqlpower.architect.swingui.TablePane  - Checking column codigo: INTEGER
159900 [AWT-EventQueue-0] DEBUG ca.sqlpower.architect.swingui.TablePane  - Checking column nombre: VARCHAR(60)
159900 [AWT-EventQueue-0] DEBUG ca.sqlpower.architect.swingui.TablePane  - Checking column descripcion: VARCHAR(120)
159900 [AWT-EventQueue-0] DEBUG ca.sqlpower.architect.swingui.TablePane  - Checking column cantidad: INTEGER
159900 [AWT-EventQueue-0] DEBUG ca.sqlpower.architect.swingui.TablePane  - Checking column precio_costo: NUMERIC(15, 2)
159915 [AWT-EventQueue-0] DEBUG ca.sqlpower.architect.swingui.TablePane  - Checking column codigo: INTEGER
159915 [AWT-EventQueue-0] DEBUG ca.sqlpower.architect.swingui.TablePane  - Checking column nombre: VARCHAR(60)
159915 [AWT-EventQueue-0] DEBUG ca.sqlpower.architect.swingui.TablePane  - Checking column descripcion: VARCHAR(120)
159915 [AWT-EventQueue-0] DEBUG ca.sqlpower.architect.swingui.TablePane  - Checking column cantidad: INTEGER
159915 [AWT-EventQueue-0] DEBUG ca.sqlpower.architect.swingui.TablePane  - Checking column precio_costo: NUMERIC(15, 2)
159978 [AWT-EventQueue-0] DEBUG ca.sqlpower.architect.swingui.TablePane  - Checking column codigo: INTEGER
159978 [AWT-EventQueue-0] DEBUG ca.sqlpower.architect.swingui.TablePane  - Checking column nombre: VARCHAR(60)
159978 [AWT-EventQueue-0] DEBUG ca.sqlpower.architect.swingui.TablePane  - Checking column descripcion: VARCHAR(120)
159978 [AWT-EventQueue-0] DEBUG ca.sqlpower.architect.swingui.TablePane  - Checking column cantidad: INTEGER
159978 [AWT-EventQueue-0] DEBUG ca.sqlpower.architect.swingui.TablePane  - Checking column precio_costo: NUMERIC(15, 2)
162427 [AWT-EventQueue-0] DEBUG ca.sqlpower.architect.swingui.TablePane  - Checking column codigo: INTEGER
162427 [AWT-EventQueue-0] DEBUG ca.sqlpower.architect.swingui.TablePane  - Checking column nombre: VARCHAR(60)
162427 [AWT-EventQueue-0] DEBUG ca.sqlpower.architect.swingui.TablePane  - Checking column descripcion: VARCHAR(120)
162427 [AWT-EventQueue-0] DEBUG ca.sqlpower.architect.swingui.TablePane  - Checking column cantidad: INTEGER
162427 [AWT-EventQueue-0] DEBUG ca.sqlpower.architect.swingui.TablePane  - Checking column precio_costo: NUMERIC(15, 2)
178261 [AWT-EventQueue-0] DEBUG ca.sqlpower.architect.swingui.TablePane  - Checking column codigo: INTEGER
178261 [AWT-EventQueue-0] DEBUG ca.sqlpower.architect.swingui.TablePane  - Checking column nombre: VARCHAR(60)
178261 [AWT-EventQueue-0] DEBUG ca.sqlpower.architect.swingui.TablePane  - Checking column descripcion: VARCHAR(120)
178261 [AWT-EventQueue-0] DEBUG ca.sqlpower.architect.swingui.TablePane  - Checking column cantidad: INTEGER
178261 [AWT-EventQueue-0] DEBUG ca.sqlpower.architect.swingui.TablePane  - Checking column precio_costo: NUMERIC(15, 2)
178277 [AWT-EventQueue-0] DEBUG ca.sqlpower.architect.swingui.TablePane  - Checking column codigo: INTEGER
178277 [AWT-EventQueue-0] DEBUG ca.sqlpower.architect.swingui.TablePane  - Checking column nombre: VARCHAR(60)
178277 [AWT-EventQueue-0] DEBUG ca.sqlpower.architect.swingui.TablePane  - Checking column descripcion: VARCHAR(120)
178277 [AWT-EventQueue-0] DEBUG ca.sqlpower.architect.swingui.TablePane  - Checking column cantidad: INTEGER
178277 [AWT-EventQueue-0] DEBUG ca.sqlpower.architect.swingui.TablePane  - Checking column precio_costo: NUMERIC(15, 2)
180242 [AWT-EventQueue-0] DEBUG ca.sqlpower.architect.swingui.TablePane  - Checking column codigo: INTEGER
180242 [AWT-EventQueue-0] DEBUG ca.sqlpower.architect.swingui.TablePane  - Checking column nombre: VARCHAR(60)
180242 [AWT-EventQueue-0] DEBUG ca.sqlpower.architect.swingui.TablePane  - Checking column descripcion: VARCHAR(120)
180242 [AWT-EventQueue-0] DEBUG ca.sqlpower.architect.swingui.TablePane  - Checking column cantidad: INTEGER
180242 [AWT-EventQueue-0] DEBUG ca.sqlpower.architect.swingui.TablePane  - Checking column precio_costo: NUMERIC(15, 2)
180258 [AWT-EventQueue-0] DEBUG ca.sqlpower.architect.swingui.TablePane  - Checking column codigo: INTEGER
180258 [AWT-EventQueue-0] DEBUG ca.sqlpower.architect.swingui.TablePane  - Checking column nombre: VARCHAR(60)
180258 [AWT-EventQueue-0] DEBUG ca.sqlpower.architect.swingui.TablePane  - Checking column descripcion: VARCHAR(120)
180258 [AWT-EventQueue-0] DEBUG ca.sqlpower.architect.swingui.TablePane  - Checking column cantidad: INTEGER
180258 [AWT-EventQueue-0] DEBUG ca.sqlpower.architect.swingui.TablePane  - Checking column precio_costo: NUMERIC(15, 2)
183830 [AWT-EventQueue-0] DEBUG ca.sqlpower.architect.swingui.TablePane  - Checking column codigo: INTEGER
183830 [AWT-EventQueue-0] DEBUG ca.sqlpower.architect.swingui.TablePane  - Checking column nombre: VARCHAR(60)
183830 [AWT-EventQueue-0] DEBUG ca.sqlpower.architect.swingui.TablePane  - Checking column descripcion: VARCHAR(120)
183830 [AWT-EventQueue-0] DEBUG ca.sqlpower.architect.swingui.TablePane  - Checking column cantidad: INTEGER
183830 [AWT-EventQueue-0] DEBUG ca.sqlpower.architect.swingui.TablePane  - Checking column precio_costo: NUMERIC(15, 2)
183908 [AWT-EventQueue-0] DEBUG ca.sqlpower.architect.swingui.TablePane  - Checking column codigo: INTEGER
183908 [AWT-EventQueue-0] DEBUG ca.sqlpower.architect.swingui.TablePane  - Checking column nombre: VARCHAR(60)
183908 [AWT-EventQueue-0] DEBUG ca.sqlpower.architect.swingui.TablePane  - Checking column descripcion: VARCHAR(120)
183908 [AWT-EventQueue-0] DEBUG ca.sqlpower.architect.swingui.TablePane  - Checking column cantidad: INTEGER
183908 [AWT-EventQueue-0] DEBUG ca.sqlpower.architect.swingui.TablePane  - Checking column precio_costo: NUMERIC(15, 2)
186779 [AWT-EventQueue-0] ERROR ca.sqlpower.architect.swingui.KettleDataSourceOptionsPanel  -  The map is: {Hostname=, Port=5432, Database=}
191116 [AWT-EventQueue-0] INFO  ca.sqlpower.sql.JDBCDataSource  - Driver Class org.postgresql.Driver loaded without exception
197824 [AWT-EventQueue-0] DEBUG ca.sqlpower.architect.swingui.TablePane  - Checking column codigo: INTEGER
197824 [AWT-EventQueue-0] DEBUG ca.sqlpower.architect.swingui.TablePane  - Checking column nombre: VARCHAR(60)
197824 [AWT-EventQueue-0] DEBUG ca.sqlpower.architect.swingui.TablePane  - Checking column descripcion: VARCHAR(120)
197824 [AWT-EventQueue-0] DEBUG ca.sqlpower.architect.swingui.TablePane  - Checking column cantidad: INTEGER
197824 [AWT-EventQueue-0] DEBUG ca.sqlpower.architect.swingui.TablePane  - Checking column precio_costo: NUMERIC(15, 2)
197917 [AWT-EventQueue-0] DEBUG ca.sqlpower.architect.swingui.TablePane  - Checking column codigo: INTEGER
197917 [AWT-EventQueue-0] DEBUG ca.sqlpower.architect.swingui.TablePane  - Checking column nombre: VARCHAR(60)
197917 [AWT-EventQueue-0] DEBUG ca.sqlpower.architect.swingui.TablePane  - Checking column descripcion: VARCHAR(120)
197917 [AWT-EventQueue-0] DEBUG ca.sqlpower.architect.swingui.TablePane  - Checking column cantidad: INTEGER
197933 [AWT-EventQueue-0] DEBUG ca.sqlpower.architect.swingui.TablePane  - Checking column precio_costo: NUMERIC(15, 2)
197948 [AWT-EventQueue-0] DEBUG ca.sqlpower.architect.swingui.TablePane  - Checking column codigo: INTEGER
197948 [AWT-EventQueue-0] DEBUG ca.sqlpower.architect.swingui.TablePane  - Checking column nombre: VARCHAR(60)
197948 [AWT-EventQueue-0] DEBUG ca.sqlpower.architect.swingui.TablePane  - Checking column descripcion: VARCHAR(120)
197948 [AWT-EventQueue-0] DEBUG ca.sqlpower.architect.swingui.TablePane  - Checking column cantidad: INTEGER
197948 [AWT-EventQueue-0] DEBUG ca.sqlpower.architect.swingui.TablePane  - Checking column precio_costo: NUMERIC(15, 2)
229819 [AWT-EventQueue-0] INFO  ca.sqlpower.sql.JDBCDataSource  - Driver Class org.postgresql.Driver loaded without exception
230038 [AWT-EventQueue-0] INFO  ca.sqlpower.sql.JDBCDataSource  - Driver Class org.postgresql.Driver loaded without exception
233953 [AWT-EventQueue-0] INFO  ca.sqlpower.architect.ddl.GenericDDLGenerator  - endStatement: 
CREATE SEQUENCE public.insumos_codigo_seq
233953 [AWT-EventQueue-0] INFO  ca.sqlpower.architect.ddl.GenericDDLGenerator  - endStatement: 

CREATE TABLE public.insumos (
                codigo INTEGER NOT NULL DEFAULT nextval('public.insumos_codigo_seq'),
                nombre VARCHAR(60) NOT NULL,
                descripcion VARCHAR(120) NOT NULL,
                cantidad INTEGER NOT NULL,
                precio_costo NUMERIC(15,2) NOT NULL,
                CONSTRAINT insumos_pk PRIMARY KEY (codigo)
)
233953 [AWT-EventQueue-0] INFO  ca.sqlpower.architect.ddl.GenericDDLGenerator  - endStatement: 


ALTER SEQUENCE public.insumos_codigo_seq OWNED BY public.insumos.codigo
233953 [AWT-EventQueue-0] INFO  ca.sqlpower.architect.swingui.SQLScriptDialog  - The list size is :3
235326 [Thread-19] INFO  ca.sqlpower.sql.JDBCDataSource  - Driver Class org.postgresql.Driver loaded without exception
235388 [Thread-19] ERROR ca.sqlpower.architect.ddl.ConflictResolver  - Sequence conflicts not supported.
235435 [Thread-19] ERROR ca.sqlpower.architect.ddl.ConflictResolver  - Sequence conflicts not supported.
235435 [Thread-21] INFO  ca.sqlpower.sql.JDBCDataSource  - Driver Class org.postgresql.Driver loaded without exception
235529 [Thread-21] INFO  ca.sqlpower.architect.swingui.SQLScriptDialog  - Starting DDL Generation at Mon Dec 05 22:48:32 PYST 2016
235529 [Thread-21] INFO  ca.sqlpower.architect.swingui.SQLScriptDialog  - Database Target: (Target Database)
235529 [Thread-21] INFO  ca.sqlpower.architect.swingui.SQLScriptDialog  - Playpen Dump: (Target Database)
235544 [Thread-21] INFO  ca.sqlpower.architect.swingui.SQLScriptDialog  - executing: 
CREATE SEQUENCE public.insumos_codigo_seq
235560 [Thread-21] INFO  ca.sqlpower.architect.swingui.SQLScriptDialog  - executing: 

CREATE TABLE public.insumos (
                codigo INTEGER NOT NULL DEFAULT nextval('public.insumos_codigo_seq'),
                nombre VARCHAR(60) NOT NULL,
                descripcion VARCHAR(120) NOT NULL,
                cantidad INTEGER NOT NULL,
                precio_costo NUMERIC(15,2) NOT NULL,
                CONSTRAINT insumos_pk PRIMARY KEY (codigo)
)
235669 [Thread-21] INFO  ca.sqlpower.architect.swingui.SQLScriptDialog  - executing: 


ALTER SEQUENCE public.insumos_codigo_seq OWNED BY public.insumos.codigo
235669 [Thread-21] INFO  ca.sqlpower.architect.swingui.SQLScriptDialog  - Successfully executed 3 out of 3 statements.
238727 [AWT-EventQueue-0] INFO  ca.sqlpower.architect.swingui.SQLScriptDialog  - SQL_FILE_FILTER:SQL Script Files:[sql, ddl]
0    [AWT-EventQueue-0] INFO  ca.sqlpower.architect.ArchitectUtils  - Log4J configured successfully
1418 [AWT-EventQueue-0] INFO  ca.sqlpower.sql.PlDotIni  - Beginning to read/merge new pl.ini data
1611 [AWT-EventQueue-0] INFO  ca.sqlpower.sql.PlDotIni  - Finished reading file.
1611 [AWT-EventQueue-0] INFO  ca.sqlpower.sql.PlDotIni  - Beginning to read/merge new pl.ini data
1723 [AWT-EventQueue-0] INFO  ca.sqlpower.sql.PlDotIni  - Finished reading file.
2828 [AWT-EventQueue-0] INFO  ca.sqlpower.architect.swingui.PlayPenComponent  - TablePane: insumos (TABLE) is adding ca.sqlpower.architect.swingui.PlayPen[Play Pen,0,0,0x0,invalid,layout=java.awt.FlowLayout,alignmentX=0.0,alignmentY=0.0,border=,flags=9,maximumSize=,minimumSize=java.awt.Dimension[width=1,height=1],preferredSize=]
3534 [AWT-EventQueue-0] DEBUG ca.sqlpower.architect.swingui.TablePane  - Checking column codigo: INTEGER
3535 [AWT-EventQueue-0] DEBUG ca.sqlpower.architect.swingui.TablePane  - Checking column nombre: VARCHAR(60)
3537 [AWT-EventQueue-0] DEBUG ca.sqlpower.architect.swingui.TablePane  - Checking column descripcion: VARCHAR(120)
3538 [AWT-EventQueue-0] DEBUG ca.sqlpower.architect.swingui.TablePane  - Checking column cantidad: INTEGER
3538 [AWT-EventQueue-0] DEBUG ca.sqlpower.architect.swingui.TablePane  - Checking column precio_costo: NUMERIC(15, 2)
5941 [AWT-EventQueue-0] DEBUG ca.sqlpower.architect.swingui.TablePane  - Checking column codigo: INTEGER
5942 [AWT-EventQueue-0] DEBUG ca.sqlpower.architect.swingui.TablePane  - Checking column nombre: VARCHAR(60)
5942 [AWT-EventQueue-0] DEBUG ca.sqlpower.architect.swingui.TablePane  - Checking column descripcion: VARCHAR(120)
5943 [AWT-EventQueue-0] DEBUG ca.sqlpower.architect.swingui.TablePane  - Checking column cantidad: INTEGER
5943 [AWT-EventQueue-0] DEBUG ca.sqlpower.architect.swingui.TablePane  - Checking column precio_costo: NUMERIC(15, 2)
7608 [AWT-EventQueue-0] DEBUG ca.sqlpower.architect.swingui.TablePane  - Checking column codigo: INTEGER
7608 [AWT-EventQueue-0] DEBUG ca.sqlpower.architect.swingui.TablePane  - Checking column nombre: VARCHAR(60)
7608 [AWT-EventQueue-0] DEBUG ca.sqlpower.architect.swingui.TablePane  - Checking column descripcion: VARCHAR(120)
7609 [AWT-EventQueue-0] DEBUG ca.sqlpower.architect.swingui.TablePane  - Checking column cantidad: INTEGER
7609 [AWT-EventQueue-0] DEBUG ca.sqlpower.architect.swingui.TablePane  - Checking column precio_costo: NUMERIC(15, 2)
7673 [AWT-EventQueue-0] DEBUG ca.sqlpower.architect.swingui.TablePane  - Checking column codigo: INTEGER
7674 [AWT-EventQueue-0] DEBUG ca.sqlpower.architect.swingui.TablePane  - Checking column nombre: VARCHAR(60)
7675 [AWT-EventQueue-0] DEBUG ca.sqlpower.architect.swingui.TablePane  - Checking column descripcion: VARCHAR(120)
7675 [AWT-EventQueue-0] DEBUG ca.sqlpower.architect.swingui.TablePane  - Checking column cantidad: INTEGER
7676 [AWT-EventQueue-0] DEBUG ca.sqlpower.architect.swingui.TablePane  - Checking column precio_costo: NUMERIC(15, 2)
30411 [AWT-EventQueue-0] DEBUG ca.sqlpower.architect.swingui.TablePane  - Checking column codigo: INTEGER
30412 [AWT-EventQueue-0] DEBUG ca.sqlpower.architect.swingui.TablePane  - Checking column nombre: VARCHAR(60)
30412 [AWT-EventQueue-0] DEBUG ca.sqlpower.architect.swingui.TablePane  - Checking column descripcion: VARCHAR(120)
30413 [AWT-EventQueue-0] DEBUG ca.sqlpower.architect.swingui.TablePane  - Checking column cantidad: INTEGER
30413 [AWT-EventQueue-0] DEBUG ca.sqlpower.architect.swingui.TablePane  - Checking column precio_costo: NUMERIC(15, 2)
30473 [AWT-EventQueue-0] DEBUG ca.sqlpower.architect.swingui.TablePane  - Checking column codigo: INTEGER
30474 [AWT-EventQueue-0] DEBUG ca.sqlpower.architect.swingui.TablePane  - Checking column nombre: VARCHAR(60)
30474 [AWT-EventQueue-0] DEBUG ca.sqlpower.architect.swingui.TablePane  - Checking column descripcion: VARCHAR(120)
30475 [AWT-EventQueue-0] DEBUG ca.sqlpower.architect.swingui.TablePane  - Checking column cantidad: INTEGER
30476 [AWT-EventQueue-0] DEBUG ca.sqlpower.architect.swingui.TablePane  - Checking column precio_costo: NUMERIC(15, 2)
